# JRE version: OpenJDK Runtime Environment (23.0.2+7) (build 23.0.2+7-58)
# Java VM: OpenJDK 64-Bit Server VM (23.0.2+7-58, mixed mode, sharing, tiered, compressed oops, compressed class ptrs, parallel gc, windows-amd64)
GC Precious Log:
 CardTable entry size: 512
 CPUs: 8 total, 8 available
 Memory: 15973M
 Large Page Support: Disabled
 NUMA Support: Disabled
 Compressed Oops: Enabled (32-bit)
 Alignments: Space 512K, Generation 512K, Heap 2M
 Heap Min Capacity: 100M
 Heap Initial Capacity: 100M
 Heap Max Capacity: 1G
 Pre-touch: Disabled
 Parallel Workers: 8
Heap:
 PSYoungGen      total 30208K, used 19964K [0x00000000eab00000, 0x00000000ecd80000, 0x0000000100000000)
  eden space 28160K, 63% used [0x00000000eab00000,0x00000000ebc87168,0x00000000ec680000)
  from space 2048K, 98% used [0x00000000eca00000,0x00000000ecbf8020,0x00000000ecc00000)
  to   space 3584K, 0% used [0x00000000ec680000,0x00000000ec680000,0x00000000eca00000)
 ParOldGen       total 500736K, used 500275K [0x00000000c0000000, 0x00000000de900000, 0x00000000eab00000)
  object space 500736K, 99% used [0x00000000c0000000,0x00000000de88cd30,0x00000000de900000)
 Metaspace       used 80489K, committed 82048K, reserved 1179648K
  class space    used 8729K, committed 9408K, reserved 1048576K
GC Heap History (20 events):
Event: 120.105 GC heap before
{Heap before GC invocations=112 (full 3):
 PSYoungGen      total 32768K, used 32672K [0x00000000eab00000, 0x00000000ecc00000, 0x0000000100000000)
  eden space 31744K, 100% used [0x00000000eab00000,0x00000000eca00000,0x00000000eca00000)
  from space 1024K, 90% used [0x00000000ecb00000,0x00000000ecbe8000,0x00000000ecc00000)
  to   space 1024K, 0% used [0x00000000eca00000,0x00000000eca00000,0x00000000ecb00000)
 ParOldGen       total 479744K, used 479548K [0x00000000c0000000, 0x00000000dd480000, 0x00000000eab00000)
  object space 479744K, 99% used [0x00000000c0000000,0x00000000dd44f1d0,0x00000000dd480000)
 Metaspace       used 75847K, committed 77376K, reserved 1179648K
  class space    used 8126K, committed 8832K, reserved 1048576K
}
Event: 120.108 GC heap after
{Heap after GC invocations=112 (full 3):
 PSYoungGen      total 32256K, used 1024K [0x00000000eab00000, 0x00000000ecc80000, 0x0000000100000000)
  eden space 31232K, 0% used [0x00000000eab00000,0x00000000eab00000,0x00000000ec980000)
  from space 1024K, 100% used [0x00000000eca00000,0x00000000ecb00000,0x00000000ecb00000)
  to   space 1536K, 0% used [0x00000000ecb00000,0x00000000ecb00000,0x00000000ecc80000)
 ParOldGen       total 480256K, used 479963K [0x00000000c0000000, 0x00000000dd500000, 0x00000000eab00000)
  object space 480256K, 99% used [0x00000000c0000000,0x00000000dd4b6c20,0x00000000dd500000)
 Metaspace       used 75847K, committed 77376K, reserved 1179648K
  class space    used 8126K, committed 8832K, reserved 1048576K
}
Event: 134.421 GC heap before
{Heap before GC invocations=113 (full 3):
 PSYoungGen      total 32256K, used 32256K [0x00000000eab00000, 0x00000000ecc80000, 0x0000000100000000)
  eden space 31232K, 100% used [0x00000000eab00000,0x00000000ec980000,0x00000000ec980000)
  from space 1024K, 100% used [0x00000000eca00000,0x00000000ecb00000,0x00000000ecb00000)
  to   space 1536K, 0% used [0x00000000ecb00000,0x00000000ecb00000,0x00000000ecc80000)
 ParOldGen       total 480256K, used 479963K [0x00000000c0000000, 0x00000000dd500000, 0x00000000eab00000)
  object space 480256K, 99% used [0x00000000c0000000,0x00000000dd4b6c20,0x00000000dd500000)
 Metaspace       used 75948K, committed 77440K, reserved 1179648K
  class space    used 8129K, committed 8832K, reserved 1048576K
}
Event: 134.431 GC heap after
{Heap after GC invocations=113 (full 3):
 PSYoungGen      total 22016K, used 1527K [0x00000000eab00000, 0x00000000ee100000, 0x0000000100000000)
  eden space 20480K, 0% used [0x00000000eab00000,0x00000000eab00000,0x00000000ebf00000)
  from space 1536K, 99% used [0x00000000ecb00000,0x00000000ecc7dd90,0x00000000ecc80000)
  to   space 12288K, 0% used [0x00000000ebf00000,0x00000000ebf00000,0x00000000ecb00000)
 ParOldGen       total 488960K, used 488848K [0x00000000c0000000, 0x00000000ddd80000, 0x00000000eab00000)
  object space 488960K, 99% used [0x00000000c0000000,0x00000000ddd64338,0x00000000ddd80000)
 Metaspace       used 75948K, committed 77440K, reserved 1179648K
  class space    used 8129K, committed 8832K, reserved 1048576K
}
Event: 140.556 GC heap before
{Heap before GC invocations=114 (full 3):
 PSYoungGen      total 22016K, used 22007K [0x00000000eab00000, 0x00000000ee100000, 0x0000000100000000)
  eden space 20480K, 100% used [0x00000000eab00000,0x00000000ebf00000,0x00000000ebf00000)
  from space 1536K, 99% used [0x00000000ecb00000,0x00000000ecc7dd90,0x00000000ecc80000)
  to   space 12288K, 0% used [0x00000000ebf00000,0x00000000ebf00000,0x00000000ecb00000)
 ParOldGen       total 488960K, used 488848K [0x00000000c0000000, 0x00000000ddd80000, 0x00000000eab00000)
  object space 488960K, 99% used [0x00000000c0000000,0x00000000ddd64338,0x00000000ddd80000)
 Metaspace       used 76072K, committed 77632K, reserved 1179648K
  class space    used 8138K, committed 8832K, reserved 1048576K
}
Event: 140.567 GC heap after
{Heap after GC invocations=114 (full 3):
 PSYoungGen      total 25600K, used 4617K [0x00000000eab00000, 0x00000000ecd00000, 0x0000000100000000)
  eden space 20480K, 0% used [0x00000000eab00000,0x00000000eab00000,0x00000000ebf00000)
  from space 5120K, 90% used [0x00000000ebf00000,0x00000000ec382690,0x00000000ec400000)
  to   space 7168K, 0% used [0x00000000ec600000,0x00000000ec600000,0x00000000ecd00000)
 ParOldGen       total 489984K, used 489661K [0x00000000c0000000, 0x00000000dde80000, 0x00000000eab00000)
  object space 489984K, 99% used [0x00000000c0000000,0x00000000dde2f7d8,0x00000000dde80000)
 Metaspace       used 76072K, committed 77632K, reserved 1179648K
  class space    used 8138K, committed 8832K, reserved 1048576K
}
Event: 143.525 GC heap before
{Heap before GC invocations=115 (full 3):
 PSYoungGen      total 25600K, used 25097K [0x00000000eab00000, 0x00000000ecd00000, 0x0000000100000000)
  eden space 20480K, 100% used [0x00000000eab00000,0x00000000ebf00000,0x00000000ebf00000)
  from space 5120K, 90% used [0x00000000ebf00000,0x00000000ec382690,0x00000000ec400000)
  to   space 7168K, 0% used [0x00000000ec600000,0x00000000ec600000,0x00000000ecd00000)
 ParOldGen       total 489984K, used 489661K [0x00000000c0000000, 0x00000000dde80000, 0x00000000eab00000)
  object space 489984K, 99% used [0x00000000c0000000,0x00000000dde2f7d8,0x00000000dde80000)
 Metaspace       used 76228K, committed 77760K, reserved 1179648K
  class space    used 8157K, committed 8832K, reserved 1048576K
}
Event: 143.529 GC heap after
{Heap after GC invocations=115 (full 3):
 PSYoungGen      total 31232K, used 688K [0x00000000eab00000, 0x00000000ecc00000, 0x0000000100000000)
  eden space 25088K, 0% used [0x00000000eab00000,0x00000000eab00000,0x00000000ec380000)
  from space 6144K, 11% used [0x00000000ec600000,0x00000000ec6ac010,0x00000000ecc00000)
  to   space 2560K, 0% used [0x00000000ec380000,0x00000000ec380000,0x00000000ec600000)
 ParOldGen       total 493568K, used 493548K [0x00000000c0000000, 0x00000000de200000, 0x00000000eab00000)
  object space 493568K, 99% used [0x00000000c0000000,0x00000000de1fb2d8,0x00000000de200000)
 Metaspace       used 76228K, committed 77760K, reserved 1179648K
  class space    used 8157K, committed 8832K, reserved 1048576K
}
Event: 145.038 GC heap before
{Heap before GC invocations=116 (full 3):
 PSYoungGen      total 31232K, used 25776K [0x00000000eab00000, 0x00000000ecc00000, 0x0000000100000000)
  eden space 25088K, 100% used [0x00000000eab00000,0x00000000ec380000,0x00000000ec380000)
  from space 6144K, 11% used [0x00000000ec600000,0x00000000ec6ac010,0x00000000ecc00000)
  to   space 2560K, 0% used [0x00000000ec380000,0x00000000ec380000,0x00000000ec600000)
 ParOldGen       total 493568K, used 493548K [0x00000000c0000000, 0x00000000de200000, 0x00000000eab00000)
  object space 493568K, 99% used [0x00000000c0000000,0x00000000de1fb2d8,0x00000000de200000)
 Metaspace       used 76358K, committed 77888K, reserved 1179648K
  class space    used 8166K, committed 8832K, reserved 1048576K
}
Event: 145.066 GC heap after
{Heap after GC invocations=116 (full 3):
 PSYoungGen      total 27648K, used 1821K [0x00000000eab00000, 0x00000000ecc00000, 0x0000000100000000)
  eden space 25088K, 0% used [0x00000000eab00000,0x00000000eab00000,0x00000000ec380000)
  from space 2560K, 71% used [0x00000000ec380000,0x00000000ec547610,0x00000000ec600000)
  to   space 2560K, 0% used [0x00000000ec980000,0x00000000ec980000,0x00000000ecc00000)
 ParOldGen       total 494080K, used 494065K [0x00000000c0000000, 0x00000000de280000, 0x00000000eab00000)
  object space 494080K, 99% used [0x00000000c0000000,0x00000000de27c768,0x00000000de280000)
 Metaspace       used 76358K, committed 77888K, reserved 1179648K
  class space    used 8166K, committed 8832K, reserved 1048576K
}
Event: 145.870 GC heap before
{Heap before GC invocations=117 (full 3):
 PSYoungGen      total 27648K, used 26909K [0x00000000eab00000, 0x00000000ecc00000, 0x0000000100000000)
  eden space 25088K, 100% used [0x00000000eab00000,0x00000000ec380000,0x00000000ec380000)
  from space 2560K, 71% used [0x00000000ec380000,0x00000000ec547610,0x00000000ec600000)
  to   space 2560K, 0% used [0x00000000ec980000,0x00000000ec980000,0x00000000ecc00000)
 ParOldGen       total 494080K, used 494065K [0x00000000c0000000, 0x00000000de280000, 0x00000000eab00000)
  object space 494080K, 99% used [0x00000000c0000000,0x00000000de27c768,0x00000000de280000)
 Metaspace       used 76430K, committed 77952K, reserved 1179648K
  class space    used 8166K, committed 8832K, reserved 1048576K
}
Event: 145.874 GC heap after
{Heap after GC invocations=117 (full 3):
 PSYoungGen      total 31744K, used 1545K [0x00000000eab00000, 0x00000000ecc00000, 0x0000000100000000)
  eden space 29184K, 0% used [0x00000000eab00000,0x00000000eab00000,0x00000000ec780000)
  from space 2560K, 60% used [0x00000000ec980000,0x00000000ecb02650,0x00000000ecc00000)
  to   space 2048K, 0% used [0x00000000ec780000,0x00000000ec780000,0x00000000ec980000)
 ParOldGen       total 494592K, used 494409K [0x00000000c0000000, 0x00000000de300000, 0x00000000eab00000)
  object space 494592K, 99% used [0x00000000c0000000,0x00000000de2d2788,0x00000000de300000)
 Metaspace       used 76430K, committed 77952K, reserved 1179648K
  class space    used 8166K, committed 8832K, reserved 1048576K
}
Event: 153.350 GC heap before
{Heap before GC invocations=118 (full 3):
 PSYoungGen      total 31744K, used 29735K [0x00000000eab00000, 0x00000000ecc00000, 0x0000000100000000)
  eden space 29184K, 96% used [0x00000000eab00000,0x00000000ec687708,0x00000000ec780000)
  from space 2560K, 60% used [0x00000000ec980000,0x00000000ecb02650,0x00000000ecc00000)
  to   space 2048K, 0% used [0x00000000ec780000,0x00000000ec780000,0x00000000ec980000)
 ParOldGen       total 494592K, used 494409K [0x00000000c0000000, 0x00000000de300000, 0x00000000eab00000)
  object space 494592K, 99% used [0x00000000c0000000,0x00000000de2d2788,0x00000000de300000)
 Metaspace       used 76949K, committed 78464K, reserved 1179648K
  class space    used 8224K, committed 8896K, reserved 1048576K
}
Event: 153.357 GC heap after
{Heap after GC invocations=118 (full 3):
 PSYoungGen      total 30720K, used 2017K [0x00000000eab00000, 0x00000000ecf00000, 0x0000000100000000)
  eden space 28672K, 0% used [0x00000000eab00000,0x00000000eab00000,0x00000000ec700000)
  from space 2048K, 98% used [0x00000000ec780000,0x00000000ec9786c0,0x00000000ec980000)
  to   space 4096K, 0% used [0x00000000ecb00000,0x00000000ecb00000,0x00000000ecf00000)
 ParOldGen       total 496128K, used 495971K [0x00000000c0000000, 0x00000000de480000, 0x00000000eab00000)
  object space 496128K, 99% used [0x00000000c0000000,0x00000000de458ed8,0x00000000de480000)
 Metaspace       used 76949K, committed 78464K, reserved 1179648K
  class space    used 8224K, committed 8896K, reserved 1048576K
}
Event: 153.862 GC heap before
{Heap before GC invocations=119 (full 3):
 PSYoungGen      total 30720K, used 30689K [0x00000000eab00000, 0x00000000ecf00000, 0x0000000100000000)
  eden space 28672K, 100% used [0x00000000eab00000,0x00000000ec700000,0x00000000ec700000)
  from space 2048K, 98% used [0x00000000ec780000,0x00000000ec9786c0,0x00000000ec980000)
  to   space 4096K, 0% used [0x00000000ecb00000,0x00000000ecb00000,0x00000000ecf00000)
 ParOldGen       total 496128K, used 495971K [0x00000000c0000000, 0x00000000de480000, 0x00000000eab00000)
  object space 496128K, 99% used [0x00000000c0000000,0x00000000de458ed8,0x00000000de480000)
 Metaspace       used 77253K, committed 78784K, reserved 1179648K
  class space    used 8275K, committed 8960K, reserved 1048576K
}
Event: 153.869 GC heap after
{Heap after GC invocations=119 (full 3):
 PSYoungGen      total 31232K, used 3002K [0x00000000eab00000, 0x00000000ece00000, 0x0000000100000000)
  eden space 28160K, 0% used [0x00000000eab00000,0x00000000eab00000,0x00000000ec680000)
  from space 3072K, 97% used [0x00000000ecb00000,0x00000000ecdee890,0x00000000ece00000)
  to   space 3584K, 0% used [0x00000000ec700000,0x00000000ec700000,0x00000000eca80000)
 ParOldGen       total 498176K, used 497985K [0x00000000c0000000, 0x00000000de680000, 0x00000000eab00000)
  object space 498176K, 99% used [0x00000000c0000000,0x00000000de6504d0,0x00000000de680000)
 Metaspace       used 77253K, committed 78784K, reserved 1179648K
  class space    used 8275K, committed 8960K, reserved 1048576K
}
Event: 198.433 GC heap before
{Heap before GC invocations=120 (full 3):
 PSYoungGen      total 31232K, used 31162K [0x00000000eab00000, 0x00000000ece00000, 0x0000000100000000)
  eden space 28160K, 100% used [0x00000000eab00000,0x00000000ec680000,0x00000000ec680000)
  from space 3072K, 97% used [0x00000000ecb00000,0x00000000ecdee890,0x00000000ece00000)
  to   space 3584K, 0% used [0x00000000ec700000,0x00000000ec700000,0x00000000eca80000)
 ParOldGen       total 498176K, used 497985K [0x00000000c0000000, 0x00000000de680000, 0x00000000eab00000)
  object space 498176K, 99% used [0x00000000c0000000,0x00000000de6504d0,0x00000000de680000)
 Metaspace       used 78291K, committed 79872K, reserved 1179648K
  class space    used 8405K, committed 9088K, reserved 1048576K
}
Event: 198.437 GC heap after
{Heap after GC invocations=120 (full 3):
 PSYoungGen      total 29696K, used 913K [0x00000000eab00000, 0x00000000ecc00000, 0x0000000100000000)
  eden space 28672K, 0% used [0x00000000eab00000,0x00000000eab00000,0x00000000ec700000)
  from space 1024K, 89% used [0x00000000ec700000,0x00000000ec7e4520,0x00000000ec800000)
  to   space 2048K, 0% used [0x00000000eca00000,0x00000000eca00000,0x00000000ecc00000)
 ParOldGen       total 499712K, used 499463K [0x00000000c0000000, 0x00000000de800000, 0x00000000eab00000)
  object space 499712K, 99% used [0x00000000c0000000,0x00000000de7c1d80,0x00000000de800000)
 Metaspace       used 78291K, committed 79872K, reserved 1179648K
  class space    used 8405K, committed 9088K, reserved 1048576K
}
Event: 202.139 GC heap before
{Heap before GC invocations=121 (full 3):
 PSYoungGen      total 29696K, used 29585K [0x00000000eab00000, 0x00000000ecc00000, 0x0000000100000000)
  eden space 28672K, 100% used [0x00000000eab00000,0x00000000ec700000,0x00000000ec700000)
  from space 1024K, 89% used [0x00000000ec700000,0x00000000ec7e4520,0x00000000ec800000)
  to   space 2048K, 0% used [0x00000000eca00000,0x00000000eca00000,0x00000000ecc00000)
 ParOldGen       total 499712K, used 499463K [0x00000000c0000000, 0x00000000de800000, 0x00000000eab00000)
  object space 499712K, 99% used [0x00000000c0000000,0x00000000de7c1d80,0x00000000de800000)
 Metaspace       used 80372K, committed 81984K, reserved 1179648K
  class space    used 8725K, committed 9408K, reserved 1048576K
}
Event: 202.145 GC heap after
{Heap after GC invocations=121 (full 3):
 PSYoungGen      total 30208K, used 2016K [0x00000000eab00000, 0x00000000ecd80000, 0x0000000100000000)
  eden space 28160K, 0% used [0x00000000eab00000,0x00000000eab00000,0x00000000ec680000)
  from space 2048K, 98% used [0x00000000eca00000,0x00000000ecbf8020,0x00000000ecc00000)
  to   space 3584K, 0% used [0x00000000ec680000,0x00000000ec680000,0x00000000eca00000)
 ParOldGen       total 500736K, used 500275K [0x00000000c0000000, 0x00000000de900000, 0x00000000eab00000)
  object space 500736K, 99% used [0x00000000c0000000,0x00000000de88cd30,0x00000000de900000)
 Metaspace       used 80372K, committed 81984K, reserved 1179648K
  class space    used 8725K, committed 9408K, reserved 1048576K
}

