# JRE version: OpenJDK Runtime Environment (19.0.2+7) (build 19.0.2+7-44)
# Java VM: OpenJDK 64-Bit Server VM (19.0.2+7-44, mixed mode, sharing, tiered, compressed oops, compressed class ptrs, g1 gc, windows-amd64)
GC Precious Log:
 CardTable entry size: 512
 Card Set container configuration: InlinePtr #cards 4 size 8 Array Of Cards #cards 32 size 80 Howl #buckets 8 coarsen threshold 7372 Howl Bitmap #cards 1024 size 144 coarsen threshold 921 Card regions per heap region 1 cards per card region 8192
 CPUs: 8 total, 8 available
 Memory: 32513M
 Large Page Support: Disabled
 NUMA Support: Disabled
 Compressed Oops: Enabled (Zero based)
 Heap Region Size: 4M
 Heap Min Capacity: 8M
 Heap Initial Capacity: 512M
 Heap Max Capacity: 8132M
 Pre-touch: Disabled
 Parallel Workers: 8
 Concurrent Workers: 2
 Concurrent Refinement Workers: 8
 Periodic GC: Disabled
Heap:
 garbage-first heap   total 147456K, used 86080K [0x0000000603c00000, 0x0000000800000000)
  region size 4096K, 10 young (40960K), 1 survivors (4096K)
 Metaspace       used 24069K, committed 24320K, reserved 1114112K
  class space    used 2172K, committed 2304K, reserved 1048576K
GC Heap History (16 events):
Event: 0.574 GC heap before
{Heap before GC invocations=0 (full 0):
 garbage-first heap   total 524288K, used 24576K [0x0000000603c00000, 0x0000000800000000)
  region size 4096K, 6 young (24576K), 0 survivors (0K)
 Metaspace       used 8209K, committed 8448K, reserved 1114112K
  class space    used 897K, committed 1024K, reserved 1048576K
}
Event: 0.577 GC heap after
{Heap after GC invocations=1 (full 0):
 garbage-first heap   total 524288K, used 9572K [0x0000000603c00000, 0x0000000800000000)
  region size 4096K, 1 young (4096K), 1 survivors (4096K)
 Metaspace       used 8209K, committed 8448K, reserved 1114112K
  class space    used 897K, committed 1024K, reserved 1048576K
}
Event: 66.308 GC heap before
{Heap before GC invocations=1 (full 0):
 garbage-first heap   total 524288K, used 38244K [0x0000000603c00000, 0x0000000800000000)
  region size 4096K, 6 young (24576K), 1 survivors (4096K)
 Metaspace       used 14035K, committed 14336K, reserved 1114112K
  class space    used 1520K, committed 1664K, reserved 1048576K
}
Event: 66.312 GC heap after
{Heap after GC invocations=2 (full 0):
 garbage-first heap   total 524288K, used 19878K [0x0000000603c00000, 0x0000000800000000)
  region size 4096K, 1 young (4096K), 1 survivors (4096K)
 Metaspace       used 14035K, committed 14336K, reserved 1114112K
  class space    used 1520K, committed 1664K, reserved 1048576K
}
Event: 80.284 GC heap before
{Heap before GC invocations=2 (full 0):
 garbage-first heap   total 524288K, used 69030K [0x0000000603c00000, 0x0000000800000000)
  region size 4096K, 13 young (53248K), 1 survivors (4096K)
 Metaspace       used 19441K, committed 19712K, reserved 1114112K
  class space    used 1627K, committed 1728K, reserved 1048576K
}
Event: 80.285 GC heap after
{Heap after GC invocations=3 (full 0):
 garbage-first heap   total 524288K, used 20064K [0x0000000603c00000, 0x0000000800000000)
  region size 4096K, 1 young (4096K), 1 survivors (4096K)
 Metaspace       used 19441K, committed 19712K, reserved 1114112K
  class space    used 1627K, committed 1728K, reserved 1048576K
}
Event: 80.534 GC heap before
{Heap before GC invocations=3 (full 0):
 garbage-first heap   total 524288K, used 106080K [0x0000000603c00000, 0x0000000800000000)
  region size 4096K, 23 young (94208K), 1 survivors (4096K)
 Metaspace       used 21262K, committed 21504K, reserved 1114112K
  class space    used 1862K, committed 1984K, reserved 1048576K
}
Event: 80.535 GC heap after
{Heap after GC invocations=4 (full 0):
 garbage-first heap   total 524288K, used 20464K [0x0000000603c00000, 0x0000000800000000)
  region size 4096K, 1 young (4096K), 1 survivors (4096K)
 Metaspace       used 21262K, committed 21504K, reserved 1114112K
  class space    used 1862K, committed 1984K, reserved 1048576K
}
Event: 82.288 GC heap before
{Heap before GC invocations=5 (full 0):
 garbage-first heap   total 147456K, used 131056K [0x0000000603c00000, 0x0000000800000000)
  region size 4096K, 14 young (57344K), 1 survivors (4096K)
 Metaspace       used 23933K, committed 24128K, reserved 1114112K
  class space    used 2166K, committed 2240K, reserved 1048576K
}
Event: 82.290 GC heap after
{Heap after GC invocations=6 (full 0):
 garbage-first heap   total 147456K, used 82116K [0x0000000603c00000, 0x0000000800000000)
  region size 4096K, 1 young (4096K), 1 survivors (4096K)
 Metaspace       used 23933K, committed 24128K, reserved 1114112K
  class space    used 2166K, committed 2240K, reserved 1048576K
}
Event: 82.353 GC heap before
{Heap before GC invocations=6 (full 0):
 garbage-first heap   total 147456K, used 82116K [0x0000000603c00000, 0x0000000800000000)
  region size 4096K, 2 young (8192K), 1 survivors (4096K)
 Metaspace       used 23934K, committed 24128K, reserved 1114112K
  class space    used 2166K, committed 2240K, reserved 1048576K
}
Event: 82.356 GC heap after
{Heap after GC invocations=7 (full 0):
 garbage-first heap   total 147456K, used 58453K [0x0000000603c00000, 0x0000000800000000)
  region size 4096K, 1 young (4096K), 1 survivors (4096K)
 Metaspace       used 23934K, committed 24128K, reserved 1114112K
  class space    used 2166K, committed 2240K, reserved 1048576K
}
Event: 84.302 GC heap before
{Heap before GC invocations=7 (full 0):
 garbage-first heap   total 147456K, used 111701K [0x0000000603c00000, 0x0000000800000000)
  region size 4096K, 15 young (61440K), 1 survivors (4096K)
 Metaspace       used 23960K, committed 24192K, reserved 1114112K
  class space    used 2166K, committed 2240K, reserved 1048576K
}
Event: 84.304 GC heap after
{Heap after GC invocations=8 (full 0):
 garbage-first heap   total 147456K, used 58927K [0x0000000603c00000, 0x0000000800000000)
  region size 4096K, 1 young (4096K), 1 survivors (4096K)
 Metaspace       used 23960K, committed 24192K, reserved 1114112K
  class space    used 2166K, committed 2240K, reserved 1048576K
}
Event: 86.786 GC heap before
{Heap before GC invocations=8 (full 0):
 garbage-first heap   total 147456K, used 112175K [0x0000000603c00000, 0x0000000800000000)
  region size 4096K, 15 young (61440K), 1 survivors (4096K)
 Metaspace       used 24041K, committed 24256K, reserved 1114112K
  class space    used 2168K, committed 2240K, reserved 1048576K
}
Event: 86.787 GC heap after
{Heap after GC invocations=9 (full 0):
 garbage-first heap   total 147456K, used 57408K [0x0000000603c00000, 0x0000000800000000)
  region size 4096K, 1 young (4096K), 1 survivors (4096K)
 Metaspace       used 24041K, committed 24256K, reserved 1114112K
  class space    used 2168K, committed 2240K, reserved 1048576K
}

